<?xml version="1.0" encoding="UTF-8"?>
<!-- Generated by org.testng.reporters.JUnitReportReporter -->
<testsuite skipped="0" hostname="BLRLT1391" name="runner.CucumberRunner" tests="1" failures="0" timestamp="03 Jul 2020 16:09:59 GMT" time="48.489" errors="0">
  <testcase name="runScenario" time="48.489" classname="runner.CucumberRunner"/>
</testsuite> <!-- runner.CucumberRunner -->
