<?xml version="1.0" encoding="UTF-8"?>
<!-- Generated by org.testng.reporters.JUnitReportReporter -->
<testsuite skipped="0" hostname="BLRLT1391" name="mercuryTours.test.TC001SearchFlight" tests="1" failures="0" timestamp="27 Jun 2020 13:07:45 GMT" time="16.381" errors="0">
  <testcase name="fillDetails" time="16.381" classname="mercuryTours.test.TC001SearchFlight"/>
</testsuite> <!-- mercuryTours.test.TC001SearchFlight -->
